{"meta": {"format": 2, "version": "7.4.2", "timestamp": "2024-02-23T14:06:21.452314", "branch_coverage": true, "show_contexts": false}, "files": {"merge_dicts.py": {"executed_lines": [1, 5, 7, 18, 19, 20, 22, 23, 24, 27, 28, 29, 31, 32, 35, 36, 37], "summary": {"covered_lines": 16, "num_statements": 16, "percent_covered": 100.0, "percent_covered_display": "100", "missing_lines": 0, "excluded_lines": 0, "num_branches": 8, "num_partial_branches": 0, "covered_branches": 8, "missing_branches": 0}, "missing_lines": [], "excluded_lines": [], "executed_branches": [[22, 23], [22, 37], [24, -7], [24, 27], [24, 36], [27, 28], [27, 35], [28, 29], [28, 31]], "missing_branches": []}, "tests/merge_dicts_test.py": {"executed_lines": [1, 5, 6, 33, 34, 35, 36, 37, 39, 40, 41, 42, 48, 54, 58, 59, 61, 62, 64, 70, 76, 80, 81, 83, 84, 86, 92, 98, 102, 103, 105, 106, 108, 109, 111, 112, 114, 115, 116, 118, 122, 123, 125, 126, 128, 132, 133, 135, 136, 138, 144, 150, 154, 155, 156, 158, 159, 160, 166, 172, 178, 182, 183], "summary": {"covered_lines": 62, "num_statements": 62, "percent_covered": 100.0, "percent_covered_display": "100", "missing_lines": 0, "excluded_lines": 0, "num_branches": 2, "num_partial_branches": 0, "covered_branches": 2, "missing_branches": 0}, "missing_lines": [], "excluded_lines": [], "executed_branches": [[111, -105], [111, 112]], "missing_branches": []}}, "totals": {"covered_lines": 78, "num_statements": 78, "percent_covered": 100.0, "percent_covered_display": "100", "missing_lines": 0, "excluded_lines": 0, "num_branches": 10, "num_partial_branches": 0, "covered_branches": 10, "missing_branches": 0}}