<?xml version="1.0" encoding="utf-8"?><testsuites><testsuite name="pytest" errors="0" failures="0" skipped="0" tests="8" time="0.026" timestamp="2024-02-23T14:04:51.408525" hostname="FE-C-017KM"><testcase classname="tests.merge_dicts_test.Test_Merge_Dicts" name="test_merge_dictionaries" time="0.001" /><testcase classname="tests.merge_dicts_test.Test_Merge_Dicts" name="test_merge_dictionaries_different_content" time="0.000" /><testcase classname="tests.merge_dicts_test.Test_Merge_Dicts" name="test_merge_dictionaries_double_defined_content" time="0.000" /><testcase classname="tests.merge_dicts_test.Test_Merge_Dicts" name="test_merge_dictionaries_no_dict_exception" time="0.000" /><testcase classname="tests.merge_dicts_test.Test_Merge_Dicts" name="test_merge_empty_dictionaries" time="0.000" /><testcase classname="tests.merge_dicts_test.Test_Merge_Dicts" name="test_merge_dictionaries_no_parameter" time="0.000" /><testcase classname="tests.merge_dicts_test.Test_Merge_Dicts" name="test_merge_dictionaries_latest_defined_value_in" time="0.000" /><testcase classname="tests.merge_dicts_test.Test_Merge_Dicts" name="test_merge_many_dictionaries" time="0.000" /></testsuite></testsuites>